<?xml version="1.0" encoding="UTF-8"?>
<!-- Generated by org.testng.reporters.JUnitReportReporter -->
<testsuite hostname="DESKTOP-5FTVNVN" failures="0" tests="4" name="testng.TestNg2" time="16.539" errors="0" timestamp="2024-10-17T15:40:38 IST" skipped="0">
  <testcase classname="testng.TestNg2" name="open" time="10.006"/>
  <system-out/>
  <testcase classname="testng.TestNg2" name="testlogo" time="0.040"/>
  <system-out/>
  <testcase classname="testng.TestNg2" name="login" time="6.347"/>
  <system-out/>
  <testcase classname="testng.TestNg2" name="close" time="0.146"/>
  <system-out/>
</testsuite> <!-- testng.TestNg2 -->
