<?xml version="1.0" encoding="UTF-8"?>
<!-- Generated by org.testng.reporters.JUnitReportReporter -->
<testsuite hostname="DESKTOP-5FTVNVN" failures="0" tests="2" name="testng.BeforeAfterClass" time="0.009" errors="0" timestamp="2024-10-17T17:31:48 IST" skipped="0">
  <testcase classname="testng.BeforeAfterClass" name="search" time="0.008"/>
  <system-out/>
  <testcase classname="testng.BeforeAfterClass" name="advsearch" time="0.001"/>
  <system-out/>
</testsuite> <!-- testng.BeforeAfterClass -->
