<?xml version="1.0" encoding="UTF-8"?>
<!-- Generated by org.testng.reporters.JUnitReportReporter -->
<testsuite hostname="DESKTOP-5FTVNVN" failures="0" tests="3" name="testng.Introtestng" time="0.007" errors="0" timestamp="2024-10-17T15:40:38 IST" skipped="0">
  <testcase classname="testng.Introtestng" name="openapp" time="0.002"/>
  <system-out/>
  <testcase classname="testng.Introtestng" name="login" time="0.002"/>
  <system-out/>
  <testcase classname="testng.Introtestng" name="logout" time="0.003"/>
  <system-out/>
</testsuite> <!-- testng.Introtestng -->
