<?xml version="1.0" encoding="UTF-8"?>
<!-- Generated by org.testng.reporters.JUnitReportReporter -->
<testsuite hostname="DESKTOP-5FTVNVN" failures="0" tests="2" name="testng.BeforeAfterTest" time="0.021" errors="0" timestamp="2024-10-17T17:11:28 IST" skipped="0">
  <testcase classname="testng.BeforeAfterTest" name="search" time="0.017"/>
  <system-out/>
  <testcase classname="testng.BeforeAfterTest" name="advsearch" time="0.004"/>
  <system-out/>
</testsuite> <!-- testng.BeforeAfterTest -->
